0 info it worked if it ends with ok
1 verbose cli [ 'C:\\Program Files\\nodejs\\node.exe',
1 verbose cli   'C:\\projects\\projectsnpm\\node_modules\\npm\\bin\\npm-cli.js',
1 verbose cli   'start' ]
2 info using npm@5.7.1
3 info using node@v6.11.3
4 verbose run-script [ 'prestart', 'start', 'poststart' ]
5 info lifecycle GetTogether@0.0.1~prestart: GetTogether@0.0.1
6 info lifecycle GetTogether@0.0.1~start: GetTogether@0.0.1
7 verbose lifecycle GetTogether@0.0.1~start: unsafe-perm in lifecycle true
8 verbose lifecycle GetTogether@0.0.1~start: PATH: C:\projects\projectsnpm\node_modules\npm\node_modules\npm-lifecycle\node-gyp-bin;C:\projects\jmncs-server\server\node_modules\.bin;C:\Program Files\Git\mingw64\bin;C:\Program Files\Git\usr\bin;C:\Users\Nerman\bin;C:\ProgramData\Oracle\Java\javapath;C:\Program Files (x86)\Python36-32\Scripts;C:\Program Files (x86)\Python36-32;C:\Program Files (x86)\Intel\iCLS Client;C:\Program Files\Intel\iCLS Client;C:\WINDOWS\system32;C:\WINDOWS;C:\WINDOWS\System32\Wbem;C:\WINDOWS\System32\WindowsPowerShell\v1.0;C:\Program Files\Intel\Intel(R) Management Engine Components\DAL;C:\Program Files\Intel\Intel(R) Management Engine Components\IPT;C:\Program Files (x86)\Intel\Intel(R) Management Engine Components\DAL;C:\Program Files (x86)\Intel\Intel(R) Management Engine Components\IPT;C:\Program Files\Intel\WiFi\bin;C:\Program Files\Common Files\Intel\WirelessCommon;C:\Program Files\PuTTY;C:\Program Files (x86)\Skype\Phone;C:\Program Files\nodejs;C:\Program Files (x86)\Windows Kits\8.1\Windows Performance Toolkit;C:\Users\Nerman\AppData\Local\Microsoft\WindowsApps;C:\Users\Nerman\AppData\Local\atom\bin;C:\Users\Nerman\AppData\Local\Microsoft\WindowsApps;C:\Program Files\Microsoft VS Code\bin;C:\Users\Nerman\AppData\Roaming\npm;C:\projects\npm;C:\Program Files\Heroku\bin
9 verbose lifecycle GetTogether@0.0.1~start: CWD: C:\projects\jmncs-server\server
10 silly lifecycle GetTogether@0.0.1~start: Args: [ '/d /s /c', 'node server.js' ]
11 silly lifecycle GetTogether@0.0.1~start: Returned: code: 1  signal: null
12 info lifecycle GetTogether@0.0.1~start: Failed to exec start script
13 verbose stack Error: GetTogether@0.0.1 start: `node server.js`
13 verbose stack Exit status 1
13 verbose stack     at EventEmitter.<anonymous> (C:\projects\projectsnpm\node_modules\npm\node_modules\npm-lifecycle\index.js:285:16)
13 verbose stack     at emitTwo (events.js:106:13)
13 verbose stack     at EventEmitter.emit (events.js:191:7)
13 verbose stack     at ChildProcess.<anonymous> (C:\projects\projectsnpm\node_modules\npm\node_modules\npm-lifecycle\lib\spawn.js:55:14)
13 verbose stack     at emitTwo (events.js:106:13)
13 verbose stack     at ChildProcess.emit (events.js:191:7)
13 verbose stack     at maybeClose (internal/child_process.js:920:16)
13 verbose stack     at Process.ChildProcess._handle.onexit (internal/child_process.js:230:5)
14 verbose pkgid GetTogether@0.0.1
15 verbose cwd C:\projects\jmncs-server\server
16 verbose Windows_NT 10.0.16299
17 verbose argv "C:\\Program Files\\nodejs\\node.exe" "C:\\projects\\projectsnpm\\node_modules\\npm\\bin\\npm-cli.js" "start"
18 verbose node v6.11.3
19 verbose npm  v5.7.1
20 error code ELIFECYCLE
21 error errno 1
22 error GetTogether@0.0.1 start: `node server.js`
22 error Exit status 1
23 error Failed at the GetTogether@0.0.1 start script.
23 error This is probably not a problem with npm. There is likely additional logging output above.
24 verbose exit [ 1, true ]
